This is pdfTeX, Version 3.1415926-1.40.11 (TeX Live 2010) (format=pdflatex 2011.2.9)  21 SEP 2012 09:17
entering extended mode
 restricted \write18 enabled.
 %&-line parsing enabled.
**baobab.tex
(./baobab.tex
LaTeX2e <2009/09/24>
Babel <v3.8l> and hyphenation patterns for english, dumylang, nohyphenation, ge
rman-x-2009-06-19, ngerman-x-2009-06-19, afrikaans, ancientgreek, ibycus, arabi
c, armenian, basque, bulgarian, catalan, pinyin, coptic, croatian, czech, danis
h, dutch, ukenglish, usenglishmax, esperanto, estonian, ethiopic, farsi, finnis
h, french, galician, german, ngerman, swissgerman, monogreek, greek, hungarian,
 icelandic, assamese, bengali, gujarati, hindi, kannada, malayalam, marathi, or
iya, panjabi, tamil, telugu, indonesian, interlingua, irish, italian, kurmanji,
 lao, latin, latvian, lithuanian, mongolian, mongolianlmc, bokmal, nynorsk, pol
ish, portuguese, romanian, russian, sanskrit, serbian, slovak, slovenian, spani
sh, swedish, turkish, turkmen, ukrainian, uppersorbian, welsh, loaded.
(/usr/local/texlive/2010/texmf-dist/tex/latex/emulateapj/emulateapj.cls
Document Class: emulateapj 
\bibbaselineskip=\skip41
(/usr/local/texlive/2010/texmf-dist/tex/latex/revtex/revtex4-1.cls
Document Class: revtex4-1 2010/07/25/20:33:00 4.1r (http://publish.aps.org/revt
ex4/ for documentation)
 Copyright (c) 2009 The American Physical Society.
 mailto:revtex@aps.org
 Licensed under the LPPL:
http://www.ctan.org/tex-archive/macros/latex/base/lppl.txt
 Arthur Ogawa <arthur_ogawa at sbcglobal dot net>
 Based on work by David Carlisle <david at dcarlisle.demon.co.uk>.
ltxutil[2010/07/25/20:33:00 4.1r utilities package (portions licensed from W. E
. Baxter web at superscript.com)]
LaTeX Info: Redefining \@centercr on input line 308.
Class revtex4-1 Info: Repairing broken LaTeX eqnarray on input line 358.
\eqncolsep=\skip42
Class revtex4-1 Info: Repairing hyperref-unfriendly LaTeX definition of \mpfoot
note on input line 433.
Class revtex4-1 Info: Repairing broken LateX \@sect on input line 755.
\intertabularlinepenalty=\count79
\@tbpen=\count80
\@arstrutbox@hline=\box26
Class revtex4-1 Info: Repairing broken LaTeX \@xbitor on input line 1786.
Class revtex4-1 Info: Making \typeout \long on input line 2046.
ltxfront[2010/07/25/20:33:00 4.1r frontmatter package (AO,DPC)]
\c@affil=\count81
\c@collab=\count82
\absbox=\box27
ltxgrid[2010/07/25/20:33:00 4.1r page grid package (portions licensed from W. E
. Baxter web at superscript.com)]
\c@linecount=\count83
\output@latex=\toks14
\box@size@1=\box28
\box@size@2=\box29
\@protection@box=\box30
\@topmark@saved=\toks15
\footins@saved=\box31
\footins@recovered=\box32
\column@recovered=\box33
\pagesofar=\box34
\footsofar=\box35
\pagegrid@col=\count84
Class revtex4-1 Info: Overriding \@vspace, \@vspacer, \@no@pgbk, \@newline, and
 \\  on input line 5578.
\c@part=\count85
\c@section=\count86
\c@subsection=\count87
\c@subsubsection=\count88
\c@paragraph=\count89
\c@subparagraph=\count90
\abovecaptionskip=\skip43
\belowcaptionskip=\skip44
\c@figure=\count91
\fbox@1=\box36
\c@table=\count92
\fbox@2=\box37
\c@video=\count93
\fbox@4=\box38
\@bibdataout=\write3
\widetext@top=\box39
\widetext@bot=\box40

Class revtex4-1 Warning: No Society specified, using default society aps.

(/usr/local/texlive/2010/texmf-dist/tex/latex/revtex/aps4-1.rtx
File: aps4-1 2010/07/25/20:33:00 4.1r (http://publish.aps.org/revtex4/ for docu
mentation)
Class revtex4-1 Info: RevTeX society APS selected on input line 31.
)

Class revtex4-1 Warning: No journal specified, using default pra.

Class revtex4-1 Info: APS journal PRA selected on input line 7545.

Class revtex4-1 Warning: No type size specified, using default 10.

(/usr/local/texlive/2010/texmf-dist/tex/latex/revtex/aps10pt4-1.rtx
File: aps10pt4-1 2010/07/25/20:33:00 4.1r (http://publish.aps.org/revtex4/ for 
documentation)
Class revtex4-1 Info: RevTeX pointsize 10pt selected on input line 30.
)
(/usr/local/texlive/2010/texmf-dist/tex/latex/textcase/textcase.sty
Package: textcase 2004/10/07 v0.07 Text only upper/lower case changing (DPC)
)
(/usr/local/texlive/2010/texmf-dist/tex/latex/url/url.sty
\Urlmuskip=\muskip10
Package: url 2006/04/12  ver 3.3  Verb mode for urls, etc.
)
(/usr/local/texlive/2010/texmf-dist/tex/latex/natbib/natbib.sty
Package: natbib 2010/09/13 8.31b (PWD, AO)
\bibhang=\skip45
\bibsep=\skip46
LaTeX Info: Redefining \cite on input line 694.
\c@NAT@ctr=\count94
)
Class revtex4-1 Info: Repairing natbib's \BibitemShut on input line 7549.

(/usr/local/texlive/2010/texmf-dist/tex/latex/revtex/revsymb4-1.sty
Package: revsymb4-1 2010/07/25/20:33:00 4.1r (http://publish.aps.org/revtex4/ f
or documentation)
LaTeX Info: Redefining \REV@mathfrak on input line 119.
))
(/usr/local/texlive/2010/texmf-dist/tex/latex/base/latexsym.sty
Package: latexsym 1998/08/17 v2.2e Standard LaTeX package (lasy symbols)
\symlasy=\mathgroup4
LaTeX Font Info:    Overwriting symbol font `lasy' in version `bold'
(Font)                  U/lasy/m/n --> U/lasy/b/n on input line 47.
)
(/usr/local/texlive/2010/texmf-dist/tex/latex/graphics/graphicx.sty
Package: graphicx 1999/02/16 v1.0f Enhanced LaTeX Graphics (DPC,SPQR)

(/usr/local/texlive/2010/texmf-dist/tex/latex/graphics/keyval.sty
Package: keyval 1999/03/16 v1.13 key=value parser (DPC)
\KV@toks@=\toks16
)
(/usr/local/texlive/2010/texmf-dist/tex/latex/graphics/graphics.sty
Package: graphics 2009/02/05 v1.0o Standard LaTeX Graphics (DPC,SPQR)

(/usr/local/texlive/2010/texmf-dist/tex/latex/graphics/trig.sty
Package: trig 1999/03/16 v1.09 sin cos tan (DPC)
)
(/usr/local/texlive/2010/texmf-dist/tex/latex/latexconfig/graphics.cfg
File: graphics.cfg 2010/04/23 v1.9 graphics configuration of TeX Live
)
Package graphics Info: Driver file: pdftex.def on input line 91.

(/usr/local/texlive/2010/texmf-dist/tex/latex/pdftex-def/pdftex.def
File: pdftex.def 2011/01/28 v0.05d Graphics/color for pdfTeX
\Gread@gobject=\count95
))
\Gin@req@height=\dimen102
\Gin@req@width=\dimen103
)
(/usr/local/texlive/2010/texmf-dist/tex/latex/amsfonts/amssymb.sty
Package: amssymb 2009/06/22 v3.00

(/usr/local/texlive/2010/texmf-dist/tex/latex/amsfonts/amsfonts.sty
Package: amsfonts 2009/06/22 v3.00 Basic AMSFonts support
\@emptytoks=\toks17
\symAMSa=\mathgroup5
\symAMSb=\mathgroup6
LaTeX Font Info:    Overwriting math alphabet `\mathfrak' in version `bold'
(Font)                  U/euf/m/n --> U/euf/b/n on input line 96.
LaTeX Info: Redefining \frak on input line 99.
LaTeX Info: Redefining \Bbb on input line 101.
))
(/usr/local/texlive/2010/texmf-dist/tex/latex/tools/longtable.sty
Package: longtable 2004/02/01 v4.11 Multi-page Table package (DPC)
\LTleft=\skip47
\LTright=\skip48
\LTpre=\skip49
\LTpost=\skip50
\LTchunksize=\count96
\LTcapwidth=\dimen104
\LT@head=\box41
\LT@firsthead=\box42
\LT@foot=\box43
\LT@lastfoot=\box44
\LT@cols=\count97
\LT@rows=\count98
\c@LT@tables=\count99
\c@LT@chunks=\count100
\LT@p@ftn=\toks18
)
(/usr/local/texlive/2010/texmf-dist/tex/generic/epsf/epsf.sty
This is `epsf.tex' v2.7.3 <23 July 2005>
\epsffilein=\read1
\epsfframemargin=\dimen105
\epsfframethickness=\dimen106
\epsfrsize=\dimen107
\epsftmp=\dimen108
\epsftsize=\dimen109
\epsfxsize=\dimen110
\epsfysize=\dimen111
\pspoints=\dimen112
)
\c@front@matter@foot@note=\count101
\alt@affil@toks=\toks19
\alt@affil@toks@count=\toks20
\keys@width=\skip51
\c@lastfootnote=\count102
\c@remember@figure@num=\count103
\c@remember@table@num=\count104
\bibindent=\dimen113
\plot@width=\skip52
\c@table@save=\count105
\table@note@skip=\skip53
\deluxe@table@width=\skip54
\@d@t@a=\skip55
\c@deluxe@table@num=\count106
\abovedeluxetableskip=\skip56
\belowdeluxetableskip=\skip57
\lastrowheight=\dimen114
\DT@p@ftn=\toks21
\pt@column=\count107
\pt@ncol=\count108
) (/usr/local/texlive/2010/texmf-dist/tex/latex/amsmath/amsmath.sty
Package: amsmath 2000/07/18 v2.13 AMS math features
\@mathmargin=\skip58

For additional information on amsmath, use the `?' option.
(/usr/local/texlive/2010/texmf-dist/tex/latex/amsmath/amstext.sty
Package: amstext 2000/06/29 v2.01

(/usr/local/texlive/2010/texmf-dist/tex/latex/amsmath/amsgen.sty
File: amsgen.sty 1999/11/30 v2.0
\@emptytoks=\toks22
\ex@=\dimen115
)
LaTeX Info: Redefining \text on input line 53.
)
(/usr/local/texlive/2010/texmf-dist/tex/latex/amsmath/amsbsy.sty
Package: amsbsy 1999/11/29 v1.2d
\pmbraise@=\dimen116
)
(/usr/local/texlive/2010/texmf-dist/tex/latex/amsmath/amsopn.sty
Package: amsopn 1999/12/14 v2.01 operator names
)
\inf@bad=\count109
LaTeX Info: Redefining \frac on input line 211.
\uproot@=\count110
\leftroot@=\count111
LaTeX Info: Redefining \overline on input line 307.
\classnum@=\count112
\DOTSCASE@=\count113
LaTeX Info: Redefining \ldots on input line 379.
LaTeX Info: Redefining \dots on input line 382.
LaTeX Info: Redefining \cdots on input line 467.
\Mathstrutbox@=\box45
\strutbox@=\box46
\big@size=\dimen117
LaTeX Font Info:    Redeclaring font encoding OML on input line 567.
LaTeX Font Info:    Redeclaring font encoding OMS on input line 568.
\macc@depth=\count114
\c@MaxMatrixCols=\count115
\dotsspace@=\muskip11
\c@parentequation=\count116
\dspbrk@lvl=\count117
\tag@help=\toks23
\row@=\count118
\column@=\count119
\maxfields@=\count120
\andhelp@=\toks24
\eqnshift@=\dimen118
\alignsep@=\dimen119
\tagshift@=\dimen120
\tagwidth@=\dimen121
\totwidth@=\dimen122
\lineht@=\dimen123
\@envbody=\toks25
\multlinegap=\skip59
\multlinetaggap=\skip60
\mathdisplay@stack=\toks26
LaTeX Info: Redefining \[ on input line 2666.
LaTeX Info: Redefining \] on input line 2667.
)
Class revtex4-1 Info: Patching LaTeX tabular. on input line 5.
Class revtex4-1 Info: Patching longtable package on input line 5.
Class revtex4-1 Info: Robustifying \LaTeX's \boldmath command on input line 5.
Class revtex4-1 Info: cite was not loaded (OK!) on input line 5.
Class revtex4-1 Info: mcite was not loaded (OK!) on input line 5.
Class revtex4-1 Info: multicol was not loaded (OK!) on input line 5.


LaTeX Warning: Unused global option(s):
    [10pt].

(./baobab.aux)
\openout1 = `baobab.aux'.

LaTeX Font Info:    Checking defaults for OML/cmm/m/it on input line 5.
LaTeX Font Info:    ... okay on input line 5.
LaTeX Font Info:    Checking defaults for T1/cmr/m/n on input line 5.
LaTeX Font Info:    ... okay on input line 5.
LaTeX Font Info:    Checking defaults for OT1/cmr/m/n on input line 5.
LaTeX Font Info:    ... okay on input line 5.
LaTeX Font Info:    Checking defaults for OMS/cmsy/m/n on input line 5.
LaTeX Font Info:    ... okay on input line 5.
LaTeX Font Info:    Checking defaults for OMX/cmex/m/n on input line 5.
LaTeX Font Info:    ... okay on input line 5.
LaTeX Font Info:    Checking defaults for U/cmr/m/n on input line 5.
LaTeX Font Info:    ... okay on input line 5.

(/usr/local/texlive/2010/texmf-dist/tex/context/base/supp-pdf.mkii
[Loading MPS to PDF converter (version 2006.09.02).]
\scratchcounter=\count121
\scratchdimen=\dimen124
\scratchbox=\box47
\nofMPsegments=\count122
\nofMParguments=\count123
\everyMPshowfont=\toks27
\MPscratchCnt=\count124
\MPscratchDim=\dimen125
\MPnumerator=\count125
\everyMPtoPDFconversion=\toks28
) (/usr/local/texlive/2010/texmf-dist/tex/generic/oberdiek/pdftexcmds.sty
Package: pdftexcmds 2010/04/01 v0.9 Utility functions of pdfTeX for LuaTeX (HO)


(/usr/local/texlive/2010/texmf-dist/tex/generic/oberdiek/infwarerr.sty
Package: infwarerr 2010/04/08 v1.3 Providing info/warning/message (HO)
)
(/usr/local/texlive/2010/texmf-dist/tex/generic/oberdiek/ifluatex.sty
Package: ifluatex 2010/03/01 v1.3 Provides the ifluatex switch (HO)
Package ifluatex Info: LuaTeX not detected.
)
(/usr/local/texlive/2010/texmf-dist/tex/generic/oberdiek/ltxcmds.sty
Package: ltxcmds 2010/04/26 v1.7 LaTeX kernel commands for general use (HO)
)
Package pdftexcmds Info: LuaTeX not detected.
Package pdftexcmds Info: \pdf@primitive is available.
Package pdftexcmds Info: \pdf@ifprimitive is available.
)
(/usr/local/texlive/2010/texmf-dist/tex/latex/oberdiek/epstopdf-base.sty
Package: epstopdf-base 2010/02/09 v2.5 Base part for package epstopdf

(/usr/local/texlive/2010/texmf-dist/tex/latex/oberdiek/grfext.sty
Package: grfext 2007/09/30 v1.0 Managing graphics extensions (HO)
)
(/usr/local/texlive/2010/texmf-dist/tex/latex/oberdiek/kvoptions.sty
Package: kvoptions 2010/02/22 v3.7 Keyval support for LaTeX options (HO)

(/usr/local/texlive/2010/texmf-dist/tex/generic/oberdiek/kvsetkeys.sty
Package: kvsetkeys 2010/03/01 v1.9 Key value parser (HO)

(/usr/local/texlive/2010/texmf-dist/tex/generic/oberdiek/etexcmds.sty
Package: etexcmds 2010/01/28 v1.3 Prefix for e-TeX command names (HO)
Package etexcmds Info: Could not find \expanded.
(etexcmds)             That can mean that you are not using pdfTeX 1.50 or
(etexcmds)             that some package has redefined \expanded.
(etexcmds)             In the latter case, load this package earlier.
)))
Package grfext Info: Graphics extension search list:
(grfext)             [.png,.pdf,.jpg,.mps,.jpeg,.jbig2,.jb2,.PNG,.PDF,.JPG,.JPE
G,.JBIG2,.JB2,.eps]
(grfext)             \AppendGraphicsExtensions on input line 436.

(/usr/local/texlive/2010/texmf-dist/tex/latex/latexconfig/epstopdf-sys.cfg
File: epstopdf-sys.cfg 2010/07/13 v1.3 Configuration of (r)epstopdf for TeX Liv
e
))
\openout3 = `baobabNotes.bib'.

LaTeX Font Info:    Try loading font information for U+lasy on input line 32.

(/usr/local/texlive/2010/texmf-dist/tex/latex/base/ulasy.fd
File: ulasy.fd 1998/08/17 v2.2e LaTeX symbol font definitions
)
LaTeX Font Info:    Try loading font information for U+msa on input line 32.

(/usr/local/texlive/2010/texmf-dist/tex/latex/amsfonts/umsa.fd
File: umsa.fd 2009/06/22 v3.00 AMS symbols A
)
LaTeX Font Info:    Try loading font information for U+msb on input line 32.

(/usr/local/texlive/2010/texmf-dist/tex/latex/amsfonts/umsb.fd
File: umsb.fd 2009/06/22 v3.00 AMS symbols B
)

Class revtex4-1 Warning: Assuming \noaffiliation for authors.


Underfull \hbox (badness 2165) in paragraph at lines 58--58
 | $[]$| \OT1/cmr/m/n/8 Physics Div., Lawrence Berke-ley Na-tional Lab-o-ra-tor
y,
 []

[1{/usr/local/texlive/2010/texmf-var/fonts/map/pdftex/updmap/pdftex.map}]
LaTeX Font Info:    Try loading font information for OMS+cmr on input line 139.


(/usr/local/texlive/2010/texmf-dist/tex/latex/base/omscmr.fd
File: omscmr.fd 1999/05/25 v2.5h Standard LaTeX font definitions
)
LaTeX Font Info:    Font shape `OMS/cmr/m/n' in size <10> not available
(Font)              Font shape `OMS/cmsy/m/n' tried instead on input line 139.

<signal_flow.png, id=18, 396.7322pt x 172.39406pt>
File: signal_flow.png Graphic file (type png)
 <use signal_flow.png>
Underfull \hbox (badness 10000) in paragraph at lines 194--194
$[]$
 []


Underfull \hbox (badness 10000) in paragraph at lines 194--194

 []


Underfull \hbox (badness 10000) in paragraph at lines 199--199
$[]$
 []


Underfull \hbox (badness 10000) in paragraph at lines 199--199

 []

[2 <./signal_flow.png (PNG copy)>]
<leuschner_deploy.jpg, id=26, 937.5025pt x 811.03pt>
File: leuschner_deploy.jpg Graphic file (type jpg)

<use leuschner_deploy.jpg>
<leuschner_fringes.png, id=27, 449.5194pt x 290.5254pt>
File: leuschner_fringes.png Graphic file (type png)

<use leuschner_fringes.png>
Underfull \hbox (badness 10000) in paragraph at lines 234--234
$[]$
 []


Underfull \hbox (badness 10000) in paragraph at lines 234--234

 []

<baobab_ant.jpg, id=29, 1074.0125pt x 643.40375pt>
File: baobab_ant.jpg Graphic file (type jpg)
 <use baobab_ant.jpg>
<tile.png, id=30, 1234.6125pt x 624.08156pt>
File: tile.png Graphic file (type png)
 <use tile.png>
Overfull \hbox (4.92952pt too wide) in paragraph at lines 263--265
 [] 
 []


Underfull \hbox (badness 10000) in paragraph at lines 268--268
$[]$
 []


Underfull \hbox (badness 10000) in paragraph at lines 268--268

 []


Underfull \hbox (badness 1286) in paragraph at lines 285--292
[]\OT1/cmr/m/n/10 Rather than de-ploy sin-gle el-e-ments like PA-PER,
 []

<baobab_amp.jpg, id=31, 2055.68pt x 1541.76pt>
File: baobab_amp.jpg Graphic file (type jpg)
 <use baobab_amp.jpg>
Underfull \hbox (badness 10000) in paragraph at lines 312--312
$[]$
 []


Underfull \hbox (badness 10000) in paragraph at lines 312--312

 []

[3 <./leuschner_deploy.jpg> <./leuschner_fringes.png> <./baobab_ant.jpg> <./til
e.png (PNG copy)>] <roach_gpu_correlator.jpg, id=36, 2055.68pt x 1541.76pt>
File: roach_gpu_correlator.jpg Graphic file (type jpg)

<use roach_gpu_correlator.jpg>
Underfull \hbox (badness 10000) in paragraph at lines 340--340
$[]$
 []


Underfull \hbox (badness 10000) in paragraph at lines 340--340

 []

<antpos32min.png, id=37, 329.5512pt x 297.0297pt>
File: antpos32min.png Graphic file (type png)
 <use antpos32min.png>
<antpos32max.png, id=38, 344.7279pt x 297.0297pt>
File: antpos32max.png Graphic file (type png)
 <use antpos32max.png>
Overfull \hbox (7.67845pt too wide) in paragraph at lines 389--390
 [][][] 
 []


Underfull \hbox (badness 10000) in paragraph at lines 397--397
$[]$
 []


Underfull \hbox (badness 10000) in paragraph at lines 397--397

 []

[4 <./baobab_amp.jpg> <./roach_gpu_correlator.jpg>]

LaTeX Warning: A float is stuck (cannot be placed) on input line 414.


LaTeX Warning: A float is stuck (cannot be placed) on input line 414.


Class revtex4-1 Warning: Deferred float stuck during \clearpage processing.

<21cmps-2.png, id=42, 326.6604pt x 269.5671pt>
File: 21cmps-2.png Graphic file (type png)
 <use 21cmps-2.png>
<21cmdelta-2.png, id=43, 325.215pt x 271.0125pt>
File: 21cmdelta-2.png Graphic file (type png)
 <use 21cmdelta-2.png>
Underfull \hbox (badness 10000) in paragraph at lines 484--484
$[]$
 []


Underfull \hbox (badness 10000) in paragraph at lines 484--484

 []

[5 <./antpos32min.png> <./antpos32max.png> <./21cmps-2.png> <./21cmdelta-2.png>
]
Underfull \hbox (badness 10000) in paragraph at lines 557--563
\OT1/cmr/m/n/10 with $\OML/cmm/m/it/10 H\OT1/cmr/m/n/10 (\OML/cmm/m/it/10 z\OT1
/cmr/m/n/10 )$ in the matter/dark-energy dom-
 []


Underfull \hbox (badness 10000) in paragraph at lines 557--563
\OT1/cmr/m/n/10 i-nated epoch be-ing ap-prox-i-mately given by
 []

[6]
Overfull \hbox (2.50739pt too wide) in paragraph at lines 681--681
[] 
 []

<sense_wwo_samp_var-2.png, id=58, 578.16pt x 433.62pt>
File: sense_wwo_samp_var-2.png Graphic file (type png)

<use sense_wwo_samp_var-2.png>
Overfull \hbox (7.67847pt too wide) in paragraph at lines 725--726
 [][] 
 []

LaTeX Font Info:    Font shape `OMS/cmr/m/n' in size <8> not available
(Font)              Font shape `OMS/cmsy/m/n' tried instead on input line 740.

Underfull \hbox (badness 10000) in paragraph at lines 740--740
$[]$
 []


Underfull \hbox (badness 10000) in paragraph at lines 740--740

 []

[7] [8 <./sense_wwo_samp_var-2.png>]
<baobab32_sense-2.png, id=67, 578.16pt x 433.62pt>
File: baobab32_sense-2.png Graphic file (type png)
 <use baobab32_sense-2.png>
Overfull \hbox (7.67847pt too wide) in paragraph at lines 871--872
 [][] 
 []


Underfull \hbox (badness 10000) in paragraph at lines 876--876
$[]$
 []


Underfull \hbox (badness 10000) in paragraph at lines 876--876

 []

[9 <./baobab32_sense-2.png>] <antpos128-2.png, id=73, 578.16pt x 433.62pt>
File: antpos128-2.png Graphic file (type png)

<use antpos128-2.png>
Overfull \hbox (7.67847pt too wide) in paragraph at lines 913--914
 [][] 
 []


Underfull \hbox (badness 10000) in paragraph at lines 917--917
$[]$
 []


Underfull \hbox (badness 10000) in paragraph at lines 917--917

 []

<baobab128_sense-2.png, id=74, 578.16pt x 433.62pt>
File: baobab128_sense-2.png Graphic file (type png)

<use baobab128_sense-2.png>
Overfull \hbox (7.67847pt too wide) in paragraph at lines 959--960
 [][] 
 []


Underfull \hbox (badness 10000) in paragraph at lines 964--964
$[]$
 []


Underfull \hbox (badness 10000) in paragraph at lines 964--964

 []


Underfull \hbox (badness 1783) in paragraph at lines 954--974
[]\OT1/cmr/m/n/10 We plot the ex-pected con-straints for the three-
 []

[10 <./antpos128-2.png> <./baobab128_sense-2.png>]
Underfull \hbox (badness 10000) in paragraph at lines 1015--1015
$[]$
 []


Underfull \hbox (badness 10000) in paragraph at lines 1015--1015

 []

<fishmat_nolya.png, id=80, 578.16pt x 433.62pt>
File: fishmat_nolya.png Graphic file (type png)
 <use fishmat_nolya.png>
<fishmat_lya.png, id=81, 578.16pt x 433.62pt>
File: fishmat_lya.png Graphic file (type png)
 <use fishmat_lya.png>
Overfull \hbox (7.67847pt too wide) in paragraph at lines 1075--1077
 [][] 
 []


Overfull \hbox (7.67847pt too wide) in paragraph at lines 1075--1077
 [] 
 []


Underfull \hbox (badness 10000) in paragraph at lines 1077--1077
$[]$
 []


Underfull \hbox (badness 10000) in paragraph at lines 1077--1077

 []

[11]

LaTeX Warning: A float is stuck (cannot be placed) on input line 1108.


LaTeX Warning: A float is stuck (cannot be placed) on input line 1108.


Class revtex4-1 Warning: Deferred float stuck during \clearpage processing.

<fgloss.png, id=85, 578.16pt x 433.62pt>
File: fgloss.png Graphic file (type png)
 <use fgloss.png>
Overfull \hbox (7.67847pt too wide) in paragraph at lines 1125--1126
 [][] 
 []


Underfull \hbox (badness 10000) in paragraph at lines 1130--1130
$[]$
 []


Underfull \hbox (badness 10000) in paragraph at lines 1130--1130

 []

[12 <./fishmat_nolya.png> <./fishmat_lya.png> <./fgloss.png>] [13]
No file baobab.bbl.
[14] (./baobab.aux) ) 
Here is how much of TeX's memory you used:
 5055 strings out of 493763
 68691 string characters out of 3144955
 189169 words of memory out of 3000000
 8261 multiletter control sequences out of 15000+200000
 12875 words of font info for 53 fonts, out of 3000000 for 9000
 715 hyphenation exceptions out of 8191
 39i,14n,29p,1875b,346s stack positions out of 5000i,500n,10000p,200000b,50000s
</usr/local/texlive/2010/texmf-dist/fonts/type1/public/ams
fonts/cm/cmbx8.pfb></usr/local/texlive/2010/texmf-dist/fonts/type1/public/amsfo
nts/cm/cmcsc10.pfb></usr/local/texlive/2010/texmf-dist/fonts/type1/public/amsfo
nts/cm/cmex10.pfb></usr/local/texlive/2010/texmf-dist/fonts/type1/public/amsfon
ts/cm/cmmi10.pfb></usr/local/texlive/2010/texmf-dist/fonts/type1/public/amsfont
s/cm/cmmi6.pfb></usr/local/texlive/2010/texmf-dist/fonts/type1/public/amsfonts/
cm/cmmi7.pfb></usr/local/texlive/2010/texmf-dist/fonts/type1/public/amsfonts/cm
/cmmi8.pfb></usr/local/texlive/2010/texmf-dist/fonts/type1/public/amsfonts/cm/c
mr10.pfb></usr/local/texlive/2010/texmf-dist/fonts/type1/public/amsfonts/cm/cmr
5.pfb></usr/local/texlive/2010/texmf-dist/fonts/type1/public/amsfonts/cm/cmr6.p
fb></usr/local/texlive/2010/texmf-dist/fonts/type1/public/amsfonts/cm/cmr7.pfb>
</usr/local/texlive/2010/texmf-dist/fonts/type1/public/amsfonts/cm/cmr8.pfb></u
sr/local/texlive/2010/texmf-dist/fonts/type1/public/amsfonts/cm/cmr9.pfb></usr/
local/texlive/2010/texmf-dist/fonts/type1/public/amsfonts/cm/cmsy10.pfb></usr/l
ocal/texlive/2010/texmf-dist/fonts/type1/public/amsfonts/cm/cmsy6.pfb></usr/loc
al/texlive/2010/texmf-dist/fonts/type1/public/amsfonts/cm/cmsy7.pfb></usr/local
/texlive/2010/texmf-dist/fonts/type1/public/amsfonts/cm/cmsy8.pfb></usr/local/t
exlive/2010/texmf-dist/fonts/type1/public/amsfonts/cm/cmti10.pfb></usr/local/te
xlive/2010/texmf-dist/fonts/type1/public/amsfonts/cm/cmti8.pfb></usr/local/texl
ive/2010/texmf-dist/fonts/type1/public/amsfonts/cm/cmti9.pfb></usr/local/texliv
e/2010/texmf-dist/fonts/type1/public/amsfonts/symbols/msam10.pfb>
Output written on baobab.pdf (14 pages, 3009572 bytes).
PDF statistics:
 165 PDF objects out of 1000 (max. 8388607)
 97 compressed objects within 1 object stream
 0 named destinations out of 1000 (max. 500000)
 91 words of extra memory for PDF output out of 10000 (max. 10000000)

